<?xml version="1.0" encoding="UTF-8"?>
<!-- Generated by org.testng.reporters.JUnitXMLReporter -->
<testsuite ignored="0" hostname="DESKTOP-9CA997L" failures="0" tests="4" name="Test" time="29.629" errors="0" timestamp="2024-11-29T12:09:58 IST">
  <testcase classname="practice1.Runner1" name="run3" time="1.82"/>
  <testcase classname="practice1.Runner1" name="run4" time="1.986"/>
  <testcase classname="practice1.Runner" name="run" time="2.08"/>
  <testcase classname="practice1.Runner" name="run2" time="1.831"/>
</testsuite> <!-- Test -->
